\BOOKMARK [0][-]{chapter.1}{\376\377\000M\000e\000t\000h\000o\000d\000o\000l\000o\000g\000y}{}% 1
\BOOKMARK [1][-]{section.1.1}{\376\377\000D\000e\000s\000i\000g\000n\000\040\000R\000e\000q\000u\000i\000r\000e\000m\000e\000n\000t\000s}{chapter.1}% 2
\BOOKMARK [2][-]{subsection.1.1.1}{\376\377\000D\000e\000p\000r\000i\000o\000r\000i\000t\000i\000z\000e\000d\000\040\000C\000r\000i\000t\000e\000r\000i\000a}{section.1.1}% 3
\BOOKMARK [1][-]{section.1.2}{\376\377\000L\000a\000n\000g\000u\000a\000g\000e\000\040\000S\000e\000r\000v\000e\000r\000\040\000M\000e\000t\000h\000o\000d\000s\000\040\000D\000i\000s\000m\000a\000n\000t\000l\000e\000d}{chapter.1}% 4
\BOOKMARK [2][-]{subsection.1.2.1}{\376\377\000B\000u\000i\000l\000d\000i\000n\000g\000\040\000a\000\040\000T\000r\000e\000e}{section.1.2}% 5
\BOOKMARK [2][-]{subsection.1.2.2}{\376\377\000F\000i\000n\000d\000i\000n\000g\000\040\000a\000\040\000N\000o\000d\000e}{section.1.2}% 6
\BOOKMARK [2][-]{subsection.1.2.3}{\376\377\000T\000r\000a\000c\000i\000n\000g\000\040\000a\000\040\000N\000a\000m\000e}{section.1.2}% 7
\BOOKMARK [2][-]{subsection.1.2.4}{\376\377\000N\000o\000d\000e\000\040\000I\000n\000t\000o\000\040\000a\000\040\000R\000a\000n\000g\000e}{section.1.2}% 8
\BOOKMARK [2][-]{subsection.1.2.5}{\376\377\000T\000y\000p\000e\000\040\000C\000h\000e\000c\000k\000i\000n\000g}{section.1.2}% 9
\BOOKMARK [2][-]{subsection.1.2.6}{\376\377\000C\000o\000d\000e\000\040\000H\000i\000g\000h\000l\000i\000g\000h\000t\000i\000n\000g}{section.1.2}% 10
\BOOKMARK [1][-]{section.1.3}{\376\377\000L\000a\000n\000g\000u\000a\000g\000e\000\040\000S\000e\000r\000v\000e\000r\000\040\000C\000o\000n\000f\000i\000g\000u\000r\000a\000t\000i\000o\000n}{chapter.1}% 11
\BOOKMARK [0][-]{chapter.2}{\376\377\000I\000m\000p\000l\000e\000m\000e\000n\000t\000a\000t\000i\000o\000n}{}% 12
\BOOKMARK [1][-]{section.2.1}{\376\377\000L\000S\000P\000\040\000I\000n\000t\000e\000r\000f\000a\000c\000e}{chapter.2}% 13
\BOOKMARK [2][-]{subsection.2.1.1}{\376\377\000B\000u\000i\000l\000d\000i\000n\000g\000\040\000a\000\040\000T\000r\000e\000e}{section.2.1}% 14
\BOOKMARK [1][-]{section.2.2}{\376\377\000C\000a\000c\000h\000i\000n\000g}{chapter.2}% 15
\BOOKMARK [1][-]{section.2.3}{\376\377\000C\000o\000n\000n\000e\000c\000t\000i\000n\000g\000\040\000F\000a\000m\000i\000l\000i\000e\000s}{chapter.2}% 16
\BOOKMARK [2][-]{subsection.2.3.1}{\376\377\000N\000a\000m\000e\000s\000\040\000C\000o\000l\000l\000i\000s\000i\000o\000n\000s}{section.2.3}% 17
\BOOKMARK [1][-]{section.2.4}{\376\377\000E\000x\000a\000m\000p\000l\000e\000\040\000P\000r\000o\000j\000e\000c\000t}{chapter.2}% 18
\BOOKMARK [2][-]{subsection.2.4.1}{\376\377\000G\000r\000a\000m\000m\000a\000r\000\040\000a\000n\000d\000\040\000S\000i\000g\000n\000a\000t\000u\000r\000e}{section.2.4}% 19
\BOOKMARK [2][-]{subsection.2.4.2}{\376\377\000V\000i\000s\000u\000a\000l\000\040\000S\000t\000u\000d\000i\000o\000\040\000C\000o\000d\000e\000\040\000D\000e\000m\000o}{section.2.4}% 20
